<?xml version="1.0" encoding="UTF-8"?>
<!-- Generated by org.testng.reporters.JUnitReportReporter -->
<testsuite hostname="Priyadarshini" failures="0" tests="4" name="baseClass.BaseClass" time="8.377" errors="0" timestamp="2022-10-20T18:20:42 IST" skipped="0">
  <testcase classname="baseClass.BaseClass" name="OpenBrowser" time="7.753"/>
  <system-out/>
  <testcase classname="baseClass.BaseClass" name="CheckReleaseDate" time="0.199"/>
  <system-out/>
  <testcase classname="baseClass.BaseClass" name="CheckReleaseCountryName" time="0.100"/>
  <system-out/>
  <testcase classname="baseClass.BaseClass" name="closeBrowser" time="0.325"/>
  <system-out/>
</testsuite> <!-- baseClass.BaseClass -->
